0 info it worked if it ends with ok
1 verbose cli [ 'c:\\Program Files\\nodejs\\node.exe',
1 verbose cli   'c:\\Program Files\\nodejs\\node_modules\\npm\\bin\\npm-cli.js',
1 verbose cli   'install' ]
2 info using npm@2.11.3
3 info using node@v0.12.7
4 verbose readDependencies loading dependencies from c:\Users\Beck.Andras\Documents\NetbeansProjects\src\SearchBox\package.json
5 verbose install where, deps [ 'c:\\Users\\Beck.Andras\\Documents\\NetbeansProjects\\src\\SearchBox',
5 verbose install   [ 'gulp', 'gulp-include', 'gulp-uglyfy' ] ]
6 verbose install where, peers [ 'c:\\Users\\Beck.Andras\\Documents\\NetbeansProjects\\src\\SearchBox',
6 verbose install   [] ]
7 verbose installManyTop reading for lifecycle c:\Users\Beck.Andras\Documents\NetbeansProjects\src\SearchBox\package.json
8 info preinstall @
9 verbose installManyTop reading scoped package data from c:\Users\Beck.Andras\Documents\NetbeansProjects\src\SearchBox\node_modules\gulp\package.json
10 verbose installManyTop reading scoped package data from c:\Users\Beck.Andras\Documents\NetbeansProjects\src\SearchBox\node_modules\gulp-include\package.json
11 verbose readDependencies loading dependencies from c:\Users\Beck.Andras\Documents\NetbeansProjects\src\SearchBox\package.json
12 verbose targetResolver reading package data from c:\Users\Beck.Andras\Documents\NetbeansProjects\src\SearchBox\node_modules\gulp\package.json
13 verbose targetResolver reading package data from c:\Users\Beck.Andras\Documents\NetbeansProjects\src\SearchBox\node_modules\gulp-include\package.json
14 verbose targetResolver reading package data from c:\Users\Beck.Andras\Documents\NetbeansProjects\src\SearchBox\node_modules\.bin\gulp\package.json
15 verbose targetResolver reading package data from c:\Users\Beck.Andras\Documents\NetbeansProjects\src\SearchBox\node_modules\.bin\gulp.cmd\package.json
16 silly cache add args [ 'gulp-uglyfy@*', null ]
17 verbose cache add spec gulp-uglyfy@*
18 silly cache add parsed spec { raw: 'gulp-uglyfy@*',
18 silly cache add   scope: null,
18 silly cache add   name: 'gulp-uglyfy',
18 silly cache add   rawSpec: '*',
18 silly cache add   spec: '*',
18 silly cache add   type: 'range' }
19 silly addNamed gulp-uglyfy@*
20 verbose addNamed "*" is a valid semver range for gulp-uglyfy
21 silly addNameRange { name: 'gulp-uglyfy', range: '*', hasData: false }
22 silly mapToRegistry name gulp-uglyfy
23 silly mapToRegistry using default registry
24 silly mapToRegistry registry https://registry.npmjs.org/
25 silly mapToRegistry uri https://registry.npmjs.org/gulp-uglyfy
26 verbose addNameRange registry:https://registry.npmjs.org/gulp-uglyfy not in flight; fetching
27 verbose already installed skipping gulp@^3.9.0 c:\Users\Beck.Andras\Documents\NetbeansProjects\src\SearchBox
28 verbose already installed skipping gulp-include@^2.0.2 c:\Users\Beck.Andras\Documents\NetbeansProjects\src\SearchBox
29 verbose request uri https://registry.npmjs.org/gulp-uglyfy
30 verbose request no auth needed
31 info attempt registry request try #1 at 19:09:38
32 verbose request id 569f1404220ec093
33 http request GET https://registry.npmjs.org/gulp-uglyfy
34 http 404 https://registry.npmjs.org/gulp-uglyfy
35 verbose headers { 'content-type': 'application/json',
35 verbose headers   'cache-control': 'max-age=0',
35 verbose headers   'content-length': '2',
35 verbose headers   'accept-ranges': 'bytes',
35 verbose headers   date: 'Thu, 24 Sep 2015 17:09:39 GMT',
35 verbose headers   via: '1.1 varnish',
35 verbose headers   age: '0',
35 verbose headers   connection: 'keep-alive',
35 verbose headers   'x-served-by': 'cache-ams4143-AMS',
35 verbose headers   'x-cache': 'MISS',
35 verbose headers   'x-cache-hits': '0',
35 verbose headers   'x-timer': 'S1443114578.945082,VS0,VE171' }
36 silly get cb [ 404,
36 silly get   { 'content-type': 'application/json',
36 silly get     'cache-control': 'max-age=0',
36 silly get     'content-length': '2',
36 silly get     'accept-ranges': 'bytes',
36 silly get     date: 'Thu, 24 Sep 2015 17:09:39 GMT',
36 silly get     via: '1.1 varnish',
36 silly get     age: '0',
36 silly get     connection: 'keep-alive',
36 silly get     'x-served-by': 'cache-ams4143-AMS',
36 silly get     'x-cache': 'MISS',
36 silly get     'x-cache-hits': '0',
36 silly get     'x-timer': 'S1443114578.945082,VS0,VE171' } ]
37 verbose stack Error: Registry returned 404 for GET on https://registry.npmjs.org/gulp-uglyfy
37 verbose stack     at CachingRegistryClient.<anonymous> (c:\Program Files\nodejs\node_modules\npm\node_modules\npm-registry-client\lib\request.js:239:14)
37 verbose stack     at Request._callback (c:\Program Files\nodejs\node_modules\npm\node_modules\npm-registry-client\lib\request.js:170:14)
37 verbose stack     at Request.self.callback (c:\Program Files\nodejs\node_modules\npm\node_modules\request\request.js:354:22)
37 verbose stack     at Request.emit (events.js:110:17)
37 verbose stack     at Request.<anonymous> (c:\Program Files\nodejs\node_modules\npm\node_modules\request\request.js:1207:14)
37 verbose stack     at Request.emit (events.js:129:20)
37 verbose stack     at IncomingMessage.<anonymous> (c:\Program Files\nodejs\node_modules\npm\node_modules\request\request.js:1153:12)
37 verbose stack     at IncomingMessage.emit (events.js:129:20)
37 verbose stack     at _stream_readable.js:908:16
37 verbose stack     at process._tickCallback (node.js:355:11)
38 verbose statusCode 404
39 verbose pkgid gulp-uglyfy
40 verbose cwd c:\Users\Beck.Andras\Documents\NetbeansProjects\src\SearchBox
41 error Windows_NT 6.1.7601
42 error argv "c:\\Program Files\\nodejs\\node.exe" "c:\\Program Files\\nodejs\\node_modules\\npm\\bin\\npm-cli.js" "install"
43 error node v0.12.7
44 error npm  v2.11.3
45 error code E404
46 error 404 Registry returned 404 for GET on https://registry.npmjs.org/gulp-uglyfy
46 error 404
46 error 404 'gulp-uglyfy' is not in the npm registry.
46 error 404 You should bug the author to publish it (or use the name yourself!)
46 error 404
46 error 404 Note that you can also install from a
46 error 404 tarball, folder, http url, or git url.
47 verbose exit [ 1, true ]
